<?xml version="1.0" encoding="UTF-8"?>
<!-- Generated by org.testng.reporters.JUnitReportReporter -->
<testsuite skipped="0" hostname="DESKTOP-5E28TIH" name="TestNGpkg.Test1" tests="3" failures="0" timestamp="24 Sep 2019 04:14:11 GMT" time="0.021" errors="0">
  <testcase name="m2" time="0.017" classname="TestNGpkg.Test1"/>
  <testcase name="m1" time="0.002" classname="TestNGpkg.Test1"/>
  <testcase name="m3" time="0.002" classname="TestNGpkg.Test1"/>
</testsuite> <!-- TestNGpkg.Test1 -->
