<?xml version="1.0" encoding="UTF-8"?>
<!-- Generated by org.testng.reporters.JUnitReportReporter -->
<testsuite skipped="0" hostname="DESKTOP-5E28TIH" name="AA.Ex3" tests="3" failures="0" timestamp="2019-11-22T15:51:16 IST" time="0.009" errors="0">
  <testcase name="ab_method" time="0.002" classname="AA.Ex3"/>
  <testcase name="ad_method" time="0.001" classname="AA.Ex3"/>
  <testcase name="ac_method" time="0.006" classname="AA.Ex3"/>
</testsuite> <!-- AA.Ex3 -->
