<?xml version="1.0" encoding="UTF-8"?>
<!-- Generated by org.testng.reporters.JUnitReportReporter -->
<testsuite skipped="0" hostname="DESKTOP-5E28TIH" name="AA.EX2" tests="1" failures="0" timestamp="23 Sep 2019 17:32:44 GMT" time="0.011" errors="0">
  <testcase name="a" time="0.011" classname="AA.EX2"/>
</testsuite> <!-- AA.EX2 -->
