<?xml version="1.0" encoding="UTF-8"?>
<!-- Generated by org.testng.reporters.JUnitReportReporter -->
<testsuite skipped="0" hostname="DESKTOP-5E28TIH" name="AA.EX1" tests="1" failures="0" timestamp="2019-11-22T15:51:16 IST" time="0.011" errors="0">
  <testcase name="methode2" time="0.011" classname="AA.EX1"/>
</testsuite> <!-- AA.EX1 -->
