<?xml version="1.0" encoding="UTF-8"?>
<!-- Generated by org.testng.reporters.JUnitReportReporter -->
<testsuite skipped="0" hostname="DESKTOP-5E28TIH" name="TestNGpkg.BeforeMethodeEx" tests="2" failures="0" timestamp="2020-03-12T23:36:48 IST" time="26.827" errors="0">
  <testcase name="methode1" time="15.616" classname="TestNGpkg.BeforeMethodeEx"/>
  <testcase name="methode2" time="11.211" classname="TestNGpkg.BeforeMethodeEx"/>
</testsuite> <!-- TestNGpkg.BeforeMethodeEx -->
